Flow report for lab5
Sat Feb 20 22:52:03 2016
Quartus II 64-Bit Version 11.1 Build 259 01/25/2012 Service Pack 2.11 SJ Full Version


---------------------
; Table of Contents ;
---------------------
  1. Legal Notice
  2. Flow Summary
  3. Flow Settings
  4. Flow Non-Default Global Settings
  5. Flow Elapsed Time
  6. Flow OS Summary
  7. Flow Log



----------------
; Legal Notice ;
----------------
Copyright (C) 1991-2011 Altera Corporation
Your use of Altera Corporation's design tools, logic functions 
and other software and tools, and its AMPP partner logic 
functions, and any output files from any of the foregoing 
(including device programming or simulation files), and any 
associated documentation or information are expressly subject 
to the terms and conditions of the Altera Program License 
Subscription Agreement, Altera MegaCore Function License 
Agreement, or other applicable license agreement, including, 
without limitation, that your use is for the sole purpose of 
programming logic devices manufactured by Altera and sold by 
Altera or its authorized distributors.  Please refer to the 
applicable agreement for further details.



+----------------------------------------------------------------------------------------+
; Flow Summary                                                                           ;
+------------------------------------+---------------------------------------------------+
; Flow Status                        ; Successful - Sat Feb 20 22:52:03 2016             ;
; Quartus II 64-Bit Version          ; 11.1 Build 259 01/25/2012 SP 2.11 SJ Full Version ;
; Revision Name                      ; lab5                                              ;
; Top-level Entity Name              ; lab5                                              ;
; Family                             ; Cyclone II                                        ;
; Device                             ; EP2C35F672C6                                      ;
; Timing Models                      ; Final                                             ;
; Total logic elements               ; 556 / 33,216 ( 2 % )                              ;
;     Total combinational functions  ; 492 / 33,216 ( 1 % )                              ;
;     Dedicated logic registers      ; 310 / 33,216 ( < 1 % )                            ;
; Total registers                    ; 310                                               ;
; Total pins                         ; 108 / 475 ( 23 % )                                ;
; Total virtual pins                 ; 0                                                 ;
; Total memory bits                  ; 12,288 / 483,840 ( 3 % )                          ;
; Embedded Multiplier 9-bit elements ; 0 / 70 ( 0 % )                                    ;
; Total PLLs                         ; 1 / 4 ( 25 % )                                    ;
+------------------------------------+---------------------------------------------------+


+-----------------------------------------+
; Flow Settings                           ;
+-------------------+---------------------+
; Option            ; Setting             ;
+-------------------+---------------------+
; Start date & time ; 02/20/2016 22:51:41 ;
; Main task         ; Compilation         ;
; Revision Name     ; lab5                ;
+-------------------+---------------------+


+----------------------------------------------------------------------------------------------------------------------+
; Flow Non-Default Global Settings                                                                                     ;
+-------------------------------------+---------------------------------+---------------+-------------+----------------+
; Assignment Name                     ; Value                           ; Default Value ; Entity Name ; Section Id     ;
+-------------------------------------+---------------------------------+---------------+-------------+----------------+
; COMPILER_SIGNATURE_ID               ; 102228232087960.145602670104408 ; --            ; --          ; --             ;
; EDA_OUTPUT_DATA_FORMAT              ; Vhdl                            ; --            ; --          ; eda_simulation ;
; EDA_SIMULATION_TOOL                 ; ModelSim-Altera (VHDL)          ; <None>        ; --          ; --             ;
; MAX_CORE_JUNCTION_TEMP              ; 85                              ; --            ; --          ; --             ;
; MIN_CORE_JUNCTION_TEMP              ; 0                               ; --            ; --          ; --             ;
; PARTITION_COLOR                     ; 16764057                        ; --            ; --          ; Top            ;
; PARTITION_FITTER_PRESERVATION_LEVEL ; PLACEMENT_AND_ROUTING           ; --            ; --          ; Top            ;
; PARTITION_NETLIST_TYPE              ; SOURCE                          ; --            ; --          ; Top            ;
; PROJECT_OUTPUT_DIRECTORY            ; output_files                    ; --            ; --          ; --             ;
+-------------------------------------+---------------------------------+---------------+-------------+----------------+


+-------------------------------------------------------------------------------------------------------------------------------+
; Flow Elapsed Time                                                                                                             ;
+---------------------------+--------------+-------------------------+---------------------+------------------------------------+
; Module Name               ; Elapsed Time ; Average Processors Used ; Peak Virtual Memory ; Total CPU Time (on all processors) ;
+---------------------------+--------------+-------------------------+---------------------+------------------------------------+
; Analysis & Synthesis      ; 00:00:03     ; 1.0                     ; 397 MB              ; 00:00:03                           ;
; Fitter                    ; 00:00:07     ; 1.0                     ; 560 MB              ; 00:00:05                           ;
; Assembler                 ; 00:00:02     ; 1.0                     ; 414 MB              ; 00:00:02                           ;
; TimeQuest Timing Analyzer ; 00:00:05     ; 1.0                     ; 423 MB              ; 00:00:02                           ;
; EDA Netlist Writer        ; 00:00:01     ; 1.0                     ; 330 MB              ; 00:00:01                           ;
; Total                     ; 00:00:18     ; --                      ; --                  ; 00:00:13                           ;
+---------------------------+--------------+-------------------------+---------------------+------------------------------------+


+----------------------------------------------------------------------------------------+
; Flow OS Summary                                                                        ;
+---------------------------+------------------+-----------+------------+----------------+
; Module Name               ; Machine Hostname ; OS Name   ; OS Version ; Processor type ;
+---------------------------+------------------+-----------+------------+----------------+
; Analysis & Synthesis      ; BA3128WS39       ; Windows 7 ; 6.1        ; x86_64         ;
; Fitter                    ; BA3128WS39       ; Windows 7 ; 6.1        ; x86_64         ;
; Assembler                 ; BA3128WS39       ; Windows 7 ; 6.1        ; x86_64         ;
; TimeQuest Timing Analyzer ; BA3128WS39       ; Windows 7 ; 6.1        ; x86_64         ;
; EDA Netlist Writer        ; BA3128WS39       ; Windows 7 ; 6.1        ; x86_64         ;
+---------------------------+------------------+-----------+------------+----------------+


------------
; Flow Log ;
------------
quartus_map --read_settings_files=on --write_settings_files=off lab5 -c lab5
quartus_fit --read_settings_files=off --write_settings_files=off lab5 -c lab5
quartus_asm --read_settings_files=off --write_settings_files=off lab5 -c lab5
quartus_sta lab5 -c lab5
quartus_eda --read_settings_files=off --write_settings_files=off lab5 -c lab5



