Info: Starting: Create block symbol file (.bsf)
Info: ip-generate --project-directory=C:/Users/LostWolf/Desktop/lab1/part4/ --output-directory=C:/Users/LostWolf/Desktop/lab1/part4/nios_system/ --report-file=bsf:C:/Users/LostWolf/Desktop/lab1/part4/nios_system.bsf --system-info=DEVICE_FAMILY="Cyclone II" --system-info=DEVICE=EP2C35F672C6 --system-info=DEVICE_SPEEDGRADE=6 --component-file=C:/Users/LostWolf/Desktop/lab1/part4/nios_system.qsys
Progress: Loading part4/nios_system.qsys
Progress: Reading input file
Progress: Adding clk_0 [clock_source 13.0]
Progress: Parameterizing module clk_0
Progress: Adding nios2_qsys_0 [altera_nios2_qsys 13.0]
Progress: Parameterizing module nios2_qsys_0
Progress: Adding switches [altera_avalon_pio 13.0.1]
Progress: Parameterizing module switches
Progress: Adding LEDs [altera_avalon_pio 13.0.1]
Progress: Parameterizing module LEDs
Progress: Adding jtag_uart_0 [altera_avalon_jtag_uart 13.0.1]
Progress: Parameterizing module jtag_uart_0
Progress: Adding onchip_memory2_0 [altera_avalon_onchip_memory2 13.0.1]
Progress: Parameterizing module onchip_memory2_0
Progress: Building connections
Progress: Parameterizing connections
Progress: Validating
Progress: Done reading input file
Info: nios_system.switches: PIO inputs are not hardwired in test bench. Undefined values will be read from PIO inputs during simulation.
Info: ip-generate succeeded.
Info: Finished: Create block symbol file (.bsf)
Info: 
Info: Starting: Create HDL design files for synthesis
Info: ip-generate --project-directory=C:/Users/LostWolf/Desktop/lab1/part4/ --output-directory=C:/Users/LostWolf/Desktop/lab1/part4/nios_system/synthesis/ --file-set=QUARTUS_SYNTH --report-file=sopcinfo:C:/Users/LostWolf/Desktop/lab1/part4/nios_system.sopcinfo --report-file=html:C:/Users/LostWolf/Desktop/lab1/part4/nios_system.html --report-file=qip:C:/Users/LostWolf/Desktop/lab1/part4/nios_system/synthesis/nios_system.qip --report-file=cmp:C:/Users/LostWolf/Desktop/lab1/part4/nios_system.cmp --system-info=DEVICE_FAMILY="Cyclone II" --system-info=DEVICE=EP2C35F672C6 --system-info=DEVICE_SPEEDGRADE=6 --component-file=C:/Users/LostWolf/Desktop/lab1/part4/nios_system.qsys --language=VERILOG
Progress: Loading part4/nios_system.qsys
Progress: Reading input file
Progress: Adding clk_0 [clock_source 13.0]
Progress: Parameterizing module clk_0
Progress: Adding nios2_qsys_0 [altera_nios2_qsys 13.0]
Progress: Parameterizing module nios2_qsys_0
Progress: Adding switches [altera_avalon_pio 13.0.1]
Progress: Parameterizing module switches
Progress: Adding LEDs [altera_avalon_pio 13.0.1]
Progress: Parameterizing module LEDs
Progress: Adding jtag_uart_0 [altera_avalon_jtag_uart 13.0.1]
Progress: Parameterizing module jtag_uart_0
Progress: Adding onchip_memory2_0 [altera_avalon_onchip_memory2 13.0.1]
Progress: Parameterizing module onchip_memory2_0
Progress: Building connections
Progress: Parameterizing connections
Progress: Validating
Progress: Done reading input file
Info: nios_system.switches: PIO inputs are not hardwired in test bench. Undefined values will be read from PIO inputs during simulation.
Info: nios_system: Generating nios_system "nios_system" for QUARTUS_SYNTH
Info: pipeline_bridge_swap_transform: After transform: 6 modules, 23 connections
Info: No custom instruction connections, skipping transform 
Info: merlin_translator_transform: After transform: 13 modules, 51 connections
Info: merlin_domain_transform: After transform: 26 modules, 137 connections
Info: merlin_router_transform: After transform: 33 modules, 165 connections
Info: reset_adaptation_transform: After transform: 34 modules, 130 connections
Info: merlin_network_to_switch_transform: After transform: 47 modules, 158 connections
Info: merlin_mm_transform: After transform: 47 modules, 158 connections
Info: merlin_interrupt_mapper_transform: After transform: 48 modules, 161 connections
Info: nios2_qsys_0: Starting RTL generation for module 'nios_system_nios2_qsys_0'
Info: nios2_qsys_0:   Generation command is [exec E:/quartus2/quartus/../ip/altera/nios2_ip/altera_nios2/eperl.exe -I E:/quartus2/quartus/common/ip/altera/common/perl/5.8.3 -I E:/quartus2/quartus/sopc_builder/bin/europa -I E:/quartus2/quartus/sopc_builder/bin/perl_lib -I E:/quartus2/quartus/sopc_builder/bin -I E:/quartus2/quartus/../ip/altera/nios2_ip/altera_nios2/cpu_lib -I E:/quartus2/quartus/../ip/altera/nios2_ip/altera_nios2/nios_lib -I E:/quartus2/quartus/../ip/altera/nios2_ip/altera_nios2 -I E:/quartus2/quartus/../ip/altera/nios2_ip/altera_nios2 -- E:/quartus2/quartus/../ip/altera/nios2_ip/altera_nios2/generate_rtl.epl --name=nios_system_nios2_qsys_0 --dir=C:/Users/LostWolf/AppData/Local/Temp/alt6817_7364959575356167019.dir/0001_nios2_qsys_0_gen/ --quartus_dir=E:/quartus2/quartus --verilog --config=C:/Users/LostWolf/AppData/Local/Temp/alt6817_7364959575356167019.dir/0001_nios2_qsys_0_gen//nios_system_nios2_qsys_0_processor_configuration.pl  --do_build_sim=0    --bogus  ]
Info: nios2_qsys_0: # 2016.01.17 04:49:11 (*) Starting Nios II generation
Info: nios2_qsys_0: # 2016.01.17 04:49:11 (*)   Checking for plaintext license.
Info: nios2_qsys_0: # 2016.01.17 04:49:12 (*)   Couldn't query license setup in Quartus directory E:/quartus2/quartus
Info: nios2_qsys_0: # 2016.01.17 04:49:12 (*)   Defaulting to contents of LM_LICENSE_FILE environment variable
Info: nios2_qsys_0: # 2016.01.17 04:49:12 (*)   LM_LICENSE_FILE environment variable is empty
Info: nios2_qsys_0: # 2016.01.17 04:49:13 (*)   Plaintext license not found.
Info: nios2_qsys_0: # 2016.01.17 04:49:13 (*)   No license required to generate encrypted Nios II/e.
Info: nios2_qsys_0: # 2016.01.17 04:49:13 (*)   Elaborating CPU configuration settings
Info: nios2_qsys_0: # 2016.01.17 04:49:13 (*)   Creating all objects for CPU
Info: nios2_qsys_0: # 2016.01.17 04:49:14 (*)   Generating RTL from CPU objects
Info: nios2_qsys_0: # 2016.01.17 04:49:14 (*)   Creating plain-text RTL
Info: nios2_qsys_0: # 2016.01.17 04:49:17 (*) Done Nios II generation
Info: nios2_qsys_0: Done RTL generation for module 'nios_system_nios2_qsys_0'
Info: nios2_qsys_0: "nios_system" instantiated altera_nios2_qsys "nios2_qsys_0"
Info: switches: Starting RTL generation for module 'nios_system_switches'
Info: switches:   Generation command is [exec E:/quartus2/quartus/bin/perl/bin/perl.exe -I E:/quartus2/quartus/common/ip/altera/common/perl/5.8.3 -I E:/quartus2/quartus/sopc_builder/bin/europa -I E:/quartus2/quartus/sopc_builder/bin/perl_lib -I E:/quartus2/quartus/sopc_builder/bin -I E:/quartus2/quartus/../ip/altera/sopc_builder_ip/common -I E:/quartus2/quartus/../ip/altera/sopc_builder_ip/altera_avalon_pio -- E:/quartus2/quartus/../ip/altera/sopc_builder_ip/altera_avalon_pio/generate_rtl.pl --name=nios_system_switches --dir=C:/Users/LostWolf/AppData/Local/Temp/alt6817_7364959575356167019.dir/0002_switches_gen/ --quartus_dir=E:/quartus2/quartus --verilog --config=C:/Users/LostWolf/AppData/Local/Temp/alt6817_7364959575356167019.dir/0002_switches_gen//nios_system_switches_component_configuration.pl  --do_build_sim=0  ]
Info: switches: Done RTL generation for module 'nios_system_switches'
Info: switches: "nios_system" instantiated altera_avalon_pio "switches"
Info: LEDs: Starting RTL generation for module 'nios_system_LEDs'
Info: LEDs:   Generation command is [exec E:/quartus2/quartus/bin/perl/bin/perl.exe -I E:/quartus2/quartus/common/ip/altera/common/perl/5.8.3 -I E:/quartus2/quartus/sopc_builder/bin/europa -I E:/quartus2/quartus/sopc_builder/bin/perl_lib -I E:/quartus2/quartus/sopc_builder/bin -I E:/quartus2/quartus/../ip/altera/sopc_builder_ip/common -I E:/quartus2/quartus/../ip/altera/sopc_builder_ip/altera_avalon_pio -- E:/quartus2/quartus/../ip/altera/sopc_builder_ip/altera_avalon_pio/generate_rtl.pl --name=nios_system_LEDs --dir=C:/Users/LostWolf/AppData/Local/Temp/alt6817_7364959575356167019.dir/0003_LEDs_gen/ --quartus_dir=E:/quartus2/quartus --verilog --config=C:/Users/LostWolf/AppData/Local/Temp/alt6817_7364959575356167019.dir/0003_LEDs_gen//nios_system_LEDs_component_configuration.pl  --do_build_sim=0  ]
Info: LEDs: Done RTL generation for module 'nios_system_LEDs'
Info: LEDs: "nios_system" instantiated altera_avalon_pio "LEDs"
Info: jtag_uart_0: Starting RTL generation for module 'nios_system_jtag_uart_0'
Info: jtag_uart_0:   Generation command is [exec E:/quartus2/quartus/bin/perl/bin/perl.exe -I E:/quartus2/quartus/common/ip/altera/common/perl/5.8.3 -I E:/quartus2/quartus/sopc_builder/bin/europa -I E:/quartus2/quartus/sopc_builder/bin/perl_lib -I E:/quartus2/quartus/sopc_builder/bin -I E:/quartus2/quartus/../ip/altera/sopc_builder_ip/common -I E:/quartus2/quartus/../ip/altera/sopc_builder_ip/altera_avalon_jtag_uart -- E:/quartus2/quartus/../ip/altera/sopc_builder_ip/altera_avalon_jtag_uart/generate_rtl.pl --name=nios_system_jtag_uart_0 --dir=C:/Users/LostWolf/AppData/Local/Temp/alt6817_7364959575356167019.dir/0004_jtag_uart_0_gen/ --quartus_dir=E:/quartus2/quartus --verilog --config=C:/Users/LostWolf/AppData/Local/Temp/alt6817_7364959575356167019.dir/0004_jtag_uart_0_gen//nios_system_jtag_uart_0_component_configuration.pl  --do_build_sim=0  ]
Info: jtag_uart_0: Done RTL generation for module 'nios_system_jtag_uart_0'
Info: jtag_uart_0: "nios_system" instantiated altera_avalon_jtag_uart "jtag_uart_0"
Info: onchip_memory2_0: Starting RTL generation for module 'nios_system_onchip_memory2_0'
Info: onchip_memory2_0:   Generation command is [exec E:/quartus2/quartus/bin/perl/bin/perl.exe -I E:/quartus2/quartus/common/ip/altera/common/perl/5.8.3 -I E:/quartus2/quartus/sopc_builder/bin/europa -I E:/quartus2/quartus/sopc_builder/bin/perl_lib -I E:/quartus2/quartus/sopc_builder/bin -I E:/quartus2/quartus/../ip/altera/sopc_builder_ip/common -I E:/quartus2/quartus/../ip/altera/sopc_builder_ip/altera_avalon_onchip_memory2 -- E:/quartus2/quartus/../ip/altera/sopc_builder_ip/altera_avalon_onchip_memory2/generate_rtl.pl --name=nios_system_onchip_memory2_0 --dir=C:/Users/LostWolf/AppData/Local/Temp/alt6817_7364959575356167019.dir/0005_onchip_memory2_0_gen/ --quartus_dir=E:/quartus2/quartus --verilog --config=C:/Users/LostWolf/AppData/Local/Temp/alt6817_7364959575356167019.dir/0005_onchip_memory2_0_gen//nios_system_onchip_memory2_0_component_configuration.pl  --do_build_sim=0  ]
Info: onchip_memory2_0: Done RTL generation for module 'nios_system_onchip_memory2_0'
Info: onchip_memory2_0: "nios_system" instantiated altera_avalon_onchip_memory2 "onchip_memory2_0"
Info: nios2_qsys_0_instruction_master_translator: "nios_system" instantiated altera_merlin_master_translator "nios2_qsys_0_instruction_master_translator"
Info: nios2_qsys_0_jtag_debug_module_translator: "nios_system" instantiated altera_merlin_slave_translator "nios2_qsys_0_jtag_debug_module_translator"
Info: nios2_qsys_0_instruction_master_translator_avalon_universal_master_0_agent: "nios_system" instantiated altera_merlin_master_agent "nios2_qsys_0_instruction_master_translator_avalon_universal_master_0_agent"
Info: nios2_qsys_0_jtag_debug_module_translator_avalon_universal_slave_0_agent: "nios_system" instantiated altera_merlin_slave_agent "nios2_qsys_0_jtag_debug_module_translator_avalon_universal_slave_0_agent"
Info: nios2_qsys_0_jtag_debug_module_translator_avalon_universal_slave_0_agent_rsp_fifo: "nios_system" instantiated altera_avalon_sc_fifo "nios2_qsys_0_jtag_debug_module_translator_avalon_universal_slave_0_agent_rsp_fifo"
Info: addr_router: "nios_system" instantiated altera_merlin_router "addr_router"
Info: addr_router_001: "nios_system" instantiated altera_merlin_router "addr_router_001"
Info: id_router: "nios_system" instantiated altera_merlin_router "id_router"
Info: id_router_002: "nios_system" instantiated altera_merlin_router "id_router_002"
Info: rst_controller: "nios_system" instantiated altera_reset_controller "rst_controller"
Info: cmd_xbar_demux: "nios_system" instantiated altera_merlin_demultiplexer "cmd_xbar_demux"
Info: cmd_xbar_demux_001: "nios_system" instantiated altera_merlin_demultiplexer "cmd_xbar_demux_001"
Info: cmd_xbar_mux: "nios_system" instantiated altera_merlin_multiplexer "cmd_xbar_mux"
Info: rsp_xbar_demux_002: "nios_system" instantiated altera_merlin_demultiplexer "rsp_xbar_demux_002"
Info: rsp_xbar_mux: "nios_system" instantiated altera_merlin_multiplexer "rsp_xbar_mux"
Info: Reusing file C:/Users/LostWolf/Desktop/lab1/part4/nios_system/synthesis/submodules/altera_merlin_arbitrator.sv
Info: rsp_xbar_mux_001: "nios_system" instantiated altera_merlin_multiplexer "rsp_xbar_mux_001"
Info: Reusing file C:/Users/LostWolf/Desktop/lab1/part4/nios_system/synthesis/submodules/altera_merlin_arbitrator.sv
Info: irq_mapper: "nios_system" instantiated altera_irq_mapper "irq_mapper"
Info: nios_system: Done nios_system" with 23 modules, 64 files, 1226928 bytes
Info: ip-generate succeeded.
Info: Finished: Create HDL design files for synthesis
