EDA Netlist Writer report for seg_shift
Thu Jan 14 22:36:37 2016
Quartus II 64-Bit Version 11.1 Build 259 01/25/2012 Service Pack 2.11 SJ Full Version


---------------------
; Table of Contents ;
---------------------
  1. Legal Notice
  2. EDA Netlist Writer Summary
  3. EDA Netlist Writer Messages



----------------
; Legal Notice ;
----------------
Copyright (C) 1991-2011 Altera Corporation
Your use of Altera Corporation's design tools, logic functions 
and other software and tools, and its AMPP partner logic 
functions, and any output files from any of the foregoing 
(including device programming or simulation files), and any 
associated documentation or information are expressly subject 
to the terms and conditions of the Altera Program License 
Subscription Agreement, Altera MegaCore Function License 
Agreement, or other applicable license agreement, including, 
without limitation, that your use is for the sole purpose of 
programming logic devices manufactured by Altera and sold by 
Altera or its authorized distributors.  Please refer to the 
applicable agreement for further details.



+----------------------------------------------------------------------------------+
; EDA Netlist Writer Summary                                                       ;
+---------------------------+------------------------------------------------------+
; EDA Netlist Writer Status ; No Output Files Generated - Thu Jan 14 22:36:37 2016 ;
; Revision Name             ; seg_shift                                            ;
; Top-level Entity Name     ; seg_shift                                            ;
; Family                    ; Cyclone II                                           ;
+---------------------------+------------------------------------------------------+


+-----------------------------+
; EDA Netlist Writer Messages ;
+-----------------------------+
Info: *******************************************************************
Info: Running Quartus II 64-Bit EDA Netlist Writer
    Info: Version 11.1 Build 259 01/25/2012 Service Pack 2.11 SJ Full Version
    Info: Processing started: Thu Jan 14 22:36:37 2016
Info: Command: quartus_eda --read_settings_files=on --write_settings_files=off seg_shift -c seg_shift
Warning (199027): Can't generate output files. Specify command-line options to generate output files, or update EDA tool settings using GUI or Tcl script.
Info: Quartus II 64-Bit EDA Netlist Writer was successful. 0 errors, 1 warning
    Info: Peak virtual memory: 339 megabytes
    Info: Processing ended: Thu Jan 14 22:36:38 2016
    Info: Elapsed time: 00:00:01
    Info: Total CPU time (on all processors): 00:00:00


